# JRE version: Java(TM) SE Runtime Environment (17.0.10+11) (build 17.0.10+11-LTS-240)
# Java VM: Java HotSpot(TM) 64-Bit Server VM (17.0.10+11-LTS-240, mixed mode, sharing, tiered, compressed oops, compressed class ptrs, g1 gc, windows-amd64)
GC Precious Log:
 CPUs: 8 total, 8 available
 Memory: 7834M
 Large Page Support: Disabled
 NUMA Support: Disabled
 Compressed Oops: Enabled (32-bit)
 Heap Region Size: 1M
 Heap Min Capacity: 8M
 Heap Initial Capacity: 124M
 Heap Max Capacity: 1960M
 Pre-touch: Disabled
 Parallel Workers: 8
 Concurrent Workers: 2
 Concurrent Refinement Workers: 8
 Periodic GC: Disabled
Heap:
 garbage-first heap   total 125952K, used 50001K [0x0000000085800000, 0x0000000100000000)
  region size 1024K, 3 young (3072K), 3 survivors (3072K)
 Metaspace       used 30588K, committed 30976K, reserved 1114112K
  class space    used 3516K, committed 3712K, reserved 1048576K
GC Heap History (20 events):
Event: 5.086 GC heap after
{Heap after GC invocations=8 (full 0):
 garbage-first heap   total 76800K, used 38334K [0x0000000085800000, 0x0000000100000000)
  region size 1024K, 1 young (1024K), 1 survivors (1024K)
 Metaspace       used 27260K, committed 27584K, reserved 1114112K
  class space    used 3173K, committed 3328K, reserved 1048576K
}
Event: 5.290 GC heap before
{Heap before GC invocations=8 (full 0):
 garbage-first heap   total 76800K, used 55742K [0x0000000085800000, 0x0000000100000000)
  region size 1024K, 19 young (19456K), 1 survivors (1024K)
 Metaspace       used 28359K, committed 28672K, reserved 1114112K
  class space    used 3298K, committed 3392K, reserved 1048576K
}
Event: 5.293 GC heap after
{Heap after GC invocations=9 (full 0):
 garbage-first heap   total 76800K, used 38540K [0x0000000085800000, 0x0000000100000000)
  region size 1024K, 2 young (2048K), 2 survivors (2048K)
 Metaspace       used 28359K, committed 28672K, reserved 1114112K
  class space    used 3298K, committed 3392K, reserved 1048576K
}
Event: 5.634 GC heap before
{Heap before GC invocations=10 (full 0):
 garbage-first heap   total 76800K, used 57996K [0x0000000085800000, 0x0000000100000000)
  region size 1024K, 21 young (21504K), 2 survivors (2048K)
 Metaspace       used 29559K, committed 29888K, reserved 1114112K
  class space    used 3448K, committed 3584K, reserved 1048576K
}
Event: 5.643 GC heap after
{Heap after GC invocations=11 (full 0):
 garbage-first heap   total 76800K, used 39719K [0x0000000085800000, 0x0000000100000000)
  region size 1024K, 3 young (3072K), 3 survivors (3072K)
 Metaspace       used 29559K, committed 29888K, reserved 1114112K
  class space    used 3448K, committed 3584K, reserved 1048576K
}
Event: 5.785 GC heap before
{Heap before GC invocations=11 (full 0):
 garbage-first heap   total 76800K, used 42791K [0x0000000085800000, 0x0000000100000000)
  region size 1024K, 8 young (8192K), 3 survivors (3072K)
 Metaspace       used 29584K, committed 29888K, reserved 1114112K
  class space    used 3448K, committed 3584K, reserved 1048576K
}
Event: 5.790 GC heap after
{Heap after GC invocations=12 (full 0):
 garbage-first heap   total 76800K, used 40313K [0x0000000085800000, 0x0000000100000000)
  region size 1024K, 1 young (1024K), 1 survivors (1024K)
 Metaspace       used 29584K, committed 29888K, reserved 1114112K
  class space    used 3448K, committed 3584K, reserved 1048576K
}
Event: 6.012 GC heap before
{Heap before GC invocations=13 (full 0):
 garbage-first heap   total 76800K, used 61817K [0x0000000085800000, 0x0000000100000000)
  region size 1024K, 20 young (20480K), 1 survivors (1024K)
 Metaspace       used 29656K, committed 29952K, reserved 1114112K
  class space    used 3448K, committed 3584K, reserved 1048576K
}
Event: 6.021 GC heap after
{Heap after GC invocations=14 (full 0):
 garbage-first heap   total 76800K, used 53248K [0x0000000085800000, 0x0000000100000000)
  region size 1024K, 3 young (3072K), 3 survivors (3072K)
 Metaspace       used 29656K, committed 29952K, reserved 1114112K
  class space    used 3448K, committed 3584K, reserved 1048576K
}
Event: 6.045 GC heap before
{Heap before GC invocations=14 (full 0):
 garbage-first heap   total 76800K, used 54272K [0x0000000085800000, 0x0000000100000000)
  region size 1024K, 4 young (4096K), 3 survivors (3072K)
 Metaspace       used 29656K, committed 29952K, reserved 1114112K
  class space    used 3448K, committed 3584K, reserved 1048576K
}
Event: 6.049 GC heap after
{Heap after GC invocations=15 (full 0):
 garbage-first heap   total 101376K, used 43436K [0x0000000085800000, 0x0000000100000000)
  region size 1024K, 1 young (1024K), 1 survivors (1024K)
 Metaspace       used 29656K, committed 29952K, reserved 1114112K
  class space    used 3448K, committed 3584K, reserved 1048576K
}
Event: 6.321 GC heap before
{Heap before GC invocations=15 (full 0):
 garbage-first heap   total 101376K, used 66988K [0x0000000085800000, 0x0000000100000000)
  region size 1024K, 24 young (24576K), 1 survivors (1024K)
 Metaspace       used 29677K, committed 29952K, reserved 1114112K
  class space    used 3448K, committed 3584K, reserved 1048576K
}
Event: 6.330 GC heap after
{Heap after GC invocations=16 (full 0):
 garbage-first heap   total 101376K, used 53057K [0x0000000085800000, 0x0000000100000000)
  region size 1024K, 3 young (3072K), 3 survivors (3072K)
 Metaspace       used 29677K, committed 29952K, reserved 1114112K
  class space    used 3448K, committed 3584K, reserved 1048576K
}
Event: 6.638 GC heap before
{Heap before GC invocations=16 (full 0):
 garbage-first heap   total 101376K, used 71489K [0x0000000085800000, 0x0000000100000000)
  region size 1024K, 22 young (22528K), 3 survivors (3072K)
 Metaspace       used 30461K, committed 30784K, reserved 1114112K
  class space    used 3550K, committed 3712K, reserved 1048576K
}
Event: 6.645 GC heap after
{Heap after GC invocations=17 (full 0):
 garbage-first heap   total 101376K, used 54572K [0x0000000085800000, 0x0000000100000000)
  region size 1024K, 1 young (1024K), 1 survivors (1024K)
 Metaspace       used 30461K, committed 30784K, reserved 1114112K
  class space    used 3550K, committed 3712K, reserved 1048576K
}
Event: 6.903 GC heap before
{Heap before GC invocations=18 (full 0):
 garbage-first heap   total 101376K, used 74028K [0x0000000085800000, 0x0000000100000000)
  region size 1024K, 21 young (21504K), 1 survivors (1024K)
 Metaspace       used 29433K, committed 29952K, reserved 1114112K
  class space    used 3414K, committed 3584K, reserved 1048576K
}
Event: 6.906 GC heap after
{Heap after GC invocations=19 (full 0):
 garbage-first heap   total 101376K, used 52698K [0x0000000085800000, 0x0000000100000000)
  region size 1024K, 1 young (1024K), 1 survivors (1024K)
 Metaspace       used 29433K, committed 29952K, reserved 1114112K
  class space    used 3414K, committed 3584K, reserved 1048576K
}
Event: 6.948 GC heap before
{Heap before GC invocations=19 (full 0):
 garbage-first heap   total 101376K, used 55770K [0x0000000085800000, 0x0000000100000000)
  region size 1024K, 4 young (4096K), 1 survivors (1024K)
 Metaspace       used 29443K, committed 29952K, reserved 1114112K
  class space    used 3415K, committed 3584K, reserved 1048576K
}
Event: 6.951 GC heap after
{Heap after GC invocations=20 (full 0):
 garbage-first heap   total 101376K, used 48468K [0x0000000085800000, 0x0000000100000000)
  region size 1024K, 1 young (1024K), 1 survivors (1024K)
 Metaspace       used 29443K, committed 29952K, reserved 1114112K
  class space    used 3415K, committed 3584K, reserved 1048576K
}
Event: 7.335 GC heap before
{Heap before GC invocations=20 (full 0):
 garbage-first heap   total 101376K, used 72020K [0x0000000085800000, 0x0000000100000000)
  region size 1024K, 25 young (25600K), 1 survivors (1024K)
 Metaspace       used 30588K, committed 30976K, reserved 1114112K
  class space    used 3516K, committed 3712K, reserved 1048576K
}

